2022-06-08 16:14:21
++++++++++++++++++++++++++++++++++++++++CONFIGURATION SUMMARY++++++++++++++++++++++++++++++++++++++++
 Status:
     mode                 : train
 ++++++++++++++++++++++++++++++++++++++++
 Datasets:
     datasets         fold: data
     train            file: train.txt
     validation       file: None
     vocab             dir: data/vocabs
     delimiter            : b
     use  pretrained model: True
     pretrained      model: Bert
     finetune             : False
     use    middle   model: True
     middle          model: bilstm
     checkpoints       dir: ckpts/bert-bilstm-crf
     log               dir: data/logs
 ++++++++++++++++++++++++++++++++++++++++
Labeling Scheme:
     label          scheme: BIO
     label           level: 2
     suffixes             : ['Symptom', 'Physiology', 'Status', 'Property', 'Body', 'Value']
     measuring     metrics: ['precision', 'recall', 'f1', 'accuracy']
 ++++++++++++++++++++++++++++++++++++++++
Model Configuration:
     embedding         dim: 768
     max  sequence  length: 500
     hidden            dim: 200
     filter           nums: 64
     idcnn            nums: 2
     CUDA  VISIBLE  DEVICE: 0
     seed                 : 42
 ++++++++++++++++++++++++++++++++++++++++
 Training Settings:
     epoch                : 300
     batch            size: 32
     dropout              : 0.5
     learning         rate: 0.001
     optimizer            : Adam
     use               gan: False
     gan            method: fgm
     checkpoint       name: model
     max       checkpoints: 3
     print       per_batch: 20
     is     early     stop: True
     patient              : 5
++++++++++++++++++++++++++++++++++++++++CONFIGURATION SUMMARY END++++++++++++++++++++++++++++++++++++++++
label vocab files not exist, building label vocab...
dataManager initialed...
mode: train
loading data...
validating set is not exist, built...
training set size: 299, validating set size: 34
++++++++++++++++++++training starting++++++++++++++++++++
epoch:1/300
start evaluate engines...
label: Symptom, precision: 0.670 recall: 0.729 f1: 0.697 
label: Physiology, precision: 0.000 recall: 0.000 f1: 0.000 
label: Status, precision: 0.500 recall: 0.010 f1: 0.020 
label: Property, precision: 0.000 recall: 0.000 f1: 0.000 
label: Body, precision: 0.000 recall: 0.000 f1: 0.000 
label: Value, precision: 0.000 recall: 0.000 f1: 0.000 
time consumption:3.27(min), precision: 0.711 recall: 0.356 f1: 0.472 accuracy: 0.830 
saved the new best model with f1: 0.472
epoch:2/300
start evaluate engines...
label: Symptom, precision: 0.770 recall: 0.854 f1: 0.810 
label: Physiology, precision: 0.368 recall: 0.292 f1: 0.326 
label: Status, precision: 0.929 recall: 0.161 f1: 0.274 
label: Property, precision: 0.000 recall: 0.000 f1: 0.000 
label: Body, precision: 0.000 recall: 0.000 f1: 0.000 
label: Value, precision: 0.000 recall: 0.000 f1: 0.000 
time consumption:3.22(min), precision: 0.788 recall: 0.515 f1: 0.622 accuracy: 0.903 
saved the new best model with f1: 0.622
epoch:3/300
start evaluate engines...
label: Symptom, precision: 0.733 recall: 0.891 f1: 0.804 
label: Physiology, precision: 0.385 recall: 0.417 f1: 0.400 
label: Status, precision: 0.891 recall: 0.355 f1: 0.475 
label: Property, precision: 0.000 recall: 0.000 f1: 0.000 
label: Body, precision: 0.000 recall: 0.000 f1: 0.000 
label: Value, precision: 0.000 recall: 0.000 f1: 0.000 
time consumption:3.21(min), precision: 0.773 recall: 0.633 f1: 0.696 accuracy: 0.923 
saved the new best model with f1: 0.696
epoch:4/300
start evaluate engines...
label: Symptom, precision: 0.806 recall: 0.838 f1: 0.821 
label: Physiology, precision: 0.440 recall: 0.458 f1: 0.449 
label: Status, precision: 0.913 recall: 0.688 f1: 0.775 
label: Property, precision: 0.000 recall: 0.000 f1: 0.000 
label: Body, precision: 0.375 recall: 0.300 f1: 0.333 
label: Value, precision: 0.000 recall: 0.000 f1: 0.000 
time consumption:3.21(min), precision: 0.809 recall: 0.735 f1: 0.770 accuracy: 0.956 
saved the new best model with f1: 0.770
epoch:5/300
start evaluate engines...
label: Symptom, precision: 0.799 recall: 0.838 f1: 0.817 
label: Physiology, precision: 0.420 recall: 0.438 f1: 0.429 
label: Status, precision: 0.922 recall: 0.788 f1: 0.849 
label: Property, precision: 0.000 recall: 0.000 f1: 0.000 
label: Body, precision: 0.300 recall: 0.300 f1: 0.300 
label: Value, precision: 0.500 recall: 0.100 f1: 0.167 
time consumption:3.22(min), precision: 0.813 recall: 0.774 f1: 0.793 accuracy: 0.960 
saved the new best model with f1: 0.793
epoch:6/300
start evaluate engines...
label: Symptom, precision: 0.910 recall: 0.919 f1: 0.915 
label: Physiology, precision: 0.480 recall: 0.500 f1: 0.490 
label: Status, precision: 0.902 recall: 0.918 f1: 0.910 
label: Property, precision: 0.000 recall: 0.000 f1: 0.000 
label: Body, precision: 0.292 recall: 0.350 f1: 0.318 
label: Value, precision: 0.500 recall: 0.100 f1: 0.167 
time consumption:3.24(min), precision: 0.876 recall: 0.876 f1: 0.876 accuracy: 0.969 
saved the new best model with f1: 0.876
epoch:7/300
start evaluate engines...
label: Symptom, precision: 0.981 recall: 0.919 f1: 0.948 
label: Physiology, precision: 0.480 recall: 0.500 f1: 0.490 
label: Status, precision: 0.912 recall: 0.829 f1: 0.864 
label: Property, precision: 0.500 recall: 0.250 f1: 0.333 
label: Body, precision: 0.292 recall: 0.350 f1: 0.318 
label: Value, precision: 0.500 recall: 0.100 f1: 0.167 
time consumption:3.25(min), precision: 0.910 recall: 0.844 f1: 0.874 accuracy: 0.971 
epoch:8/300
start evaluate engines...
label: Symptom, precision: 0.901 recall: 0.856 f1: 0.877 
label: Physiology, precision: 0.460 recall: 0.479 f1: 0.469 
label: Status, precision: 0.920 recall: 0.829 f1: 0.869 
label: Property, precision: 0.500 recall: 0.250 f1: 0.333 
label: Body, precision: 0.450 recall: 0.450 f1: 0.450 
label: Value, precision: 0.333 recall: 0.200 f1: 0.250 
time consumption:3.27(min), precision: 0.839 recall: 0.812 f1: 0.825 accuracy: 0.964 
epoch:9/300
start evaluate engines...
label: Symptom, precision: 0.981 recall: 0.919 f1: 0.948 
label: Physiology, precision: 0.480 recall: 0.500 f1: 0.490 
label: Status, precision: 0.947 recall: 0.729 f1: 0.812 
label: Property, precision: 0.500 recall: 0.250 f1: 0.333 
label: Body, precision: 0.500 recall: 0.500 f1: 0.500 
label: Value, precision: 0.500 recall: 0.300 f1: 0.375 
time consumption:3.25(min), precision: 0.933 recall: 0.822 f1: 0.872 accuracy: 0.973 
epoch:10/300
start evaluate engines...
label: Symptom, precision: 0.982 recall: 1.000 f1: 0.991 
label: Physiology, precision: 0.480 recall: 0.500 f1: 0.490 
label: Status, precision: 0.689 recall: 0.639 f1: 0.661 
label: Property, precision: 0.500 recall: 0.250 f1: 0.333 
label: Body, precision: 1.000 recall: 1.000 f1: 1.000 
label: Value, precision: 0.400 recall: 0.400 f1: 0.400 
time consumption:3.25(min), precision: 0.896 recall: 0.872 f1: 0.883 accuracy: 0.965 
saved the new best model with f1: 0.883
epoch:11/300
start evaluate engines...
label: Symptom, precision: 0.919 recall: 0.928 f1: 0.924 
label: Physiology, precision: 0.480 recall: 0.500 f1: 0.490 
label: Status, precision: 0.930 recall: 0.839 f1: 0.879 
label: Property, precision: 0.500 recall: 0.250 f1: 0.333 
label: Body, precision: 1.000 recall: 1.000 f1: 1.000 
label: Value, precision: 0.375 recall: 0.300 f1: 0.333 
time consumption:3.24(min), precision: 0.931 recall: 0.901 f1: 0.915 accuracy: 0.978 
saved the new best model with f1: 0.915
epoch:12/300
start evaluate engines...
label: Symptom, precision: 0.982 recall: 0.991 f1: 0.986 
label: Physiology, precision: 0.480 recall: 0.500 f1: 0.490 
label: Status, precision: 0.930 recall: 0.839 f1: 0.879 
label: Property, precision: 0.500 recall: 0.250 f1: 0.333 
label: Body, precision: 1.000 recall: 1.000 f1: 1.000 
label: Value, precision: 0.375 recall: 0.300 f1: 0.333 
time consumption:3.23(min), precision: 0.969 recall: 0.937 f1: 0.952 accuracy: 0.978 
saved the new best model with f1: 0.952
epoch:13/300
start evaluate engines...
label: Symptom, precision: 0.982 recall: 0.991 f1: 0.986 
label: Physiology, precision: 0.480 recall: 0.500 f1: 0.490 
label: Status, precision: 0.930 recall: 0.739 f1: 0.809 
label: Property, precision: 0.500 recall: 0.250 f1: 0.333 
label: Body, precision: 1.000 recall: 1.000 f1: 1.000 
label: Value, precision: 0.375 recall: 0.300 f1: 0.333 
time consumption:3.26(min), precision: 0.969 recall: 0.901 f1: 0.932 accuracy: 0.974 
epoch:14/300
start evaluate engines...
label: Symptom, precision: 0.982 recall: 0.991 f1: 0.986 
label: Physiology, precision: 0.480 recall: 0.500 f1: 0.490 
label: Status, precision: 0.922 recall: 0.939 f1: 0.930 
label: Property, precision: 0.500 recall: 0.250 f1: 0.333 
label: Body, precision: 1.000 recall: 1.000 f1: 1.000 
label: Value, precision: 0.375 recall: 0.300 f1: 0.333 
time consumption:3.24(min), precision: 0.966 recall: 0.972 f1: 0.969 accuracy: 0.984 
saved the new best model with f1: 0.969
epoch:15/300
start evaluate engines...
label: Symptom, precision: 0.982 recall: 1.000 f1: 0.991 
label: Physiology, precision: 0.480 recall: 0.500 f1: 0.490 
label: Status, precision: 0.931 recall: 0.849 f1: 0.884 
label: Property, precision: 0.500 recall: 0.250 f1: 0.333 
label: Body, precision: 1.000 recall: 1.000 f1: 1.000 
label: Value, precision: 0.375 recall: 0.300 f1: 0.333 
time consumption:3.24(min), precision: 0.969 recall: 0.943 f1: 0.956 accuracy: 0.985 
epoch:16/300
start evaluate engines...
label: Symptom, precision: 0.991 recall: 1.000 f1: 0.995 
label: Physiology, precision: 0.480 recall: 0.500 f1: 0.490 
label: Status, precision: 0.949 recall: 0.849 f1: 0.893 
label: Property, precision: 0.500 recall: 0.250 f1: 0.333 
label: Body, precision: 1.000 recall: 1.000 f1: 1.000 
label: Value, precision: 0.375 recall: 0.300 f1: 0.333 
time consumption:3.24(min), precision: 0.979 recall: 0.943 f1: 0.961 accuracy: 0.986 
epoch:17/300
start evaluate engines...
label: Symptom, precision: 0.982 recall: 1.000 f1: 0.991 
label: Physiology, precision: 0.500 recall: 0.500 f1: 0.500 
label: Status, precision: 0.949 recall: 0.849 f1: 0.893 
label: Property, precision: 0.500 recall: 0.250 f1: 0.333 
label: Body, precision: 1.000 recall: 1.000 f1: 1.000 
label: Value, precision: 0.375 recall: 0.300 f1: 0.333 
time consumption:3.23(min), precision: 0.979 recall: 0.943 f1: 0.961 accuracy: 0.985 
epoch:18/300
start evaluate engines...
label: Symptom, precision: 1.000 recall: 1.000 f1: 1.000 
label: Physiology, precision: 0.500 recall: 0.500 f1: 0.500 
label: Status, precision: 0.959 recall: 0.759 f1: 0.834 
label: Property, precision: 0.500 recall: 0.250 f1: 0.333 
label: Body, precision: 1.000 recall: 1.000 f1: 1.000 
label: Value, precision: 0.375 recall: 0.300 f1: 0.333 
time consumption:3.23(min), precision: 0.986 recall: 0.908 f1: 0.944 accuracy: 0.977 
epoch:19/300
start evaluate engines...
label: Symptom, precision: 0.991 recall: 1.000 f1: 0.995 
label: Physiology, precision: 0.480 recall: 0.500 f1: 0.490 
label: Status, precision: 0.949 recall: 0.749 f1: 0.824 
label: Property, precision: 0.500 recall: 0.250 f1: 0.333 
label: Body, precision: 1.000 recall: 1.000 f1: 1.000 
label: Value, precision: 0.375 recall: 0.300 f1: 0.333 
time consumption:3.24(min), precision: 0.979 recall: 0.908 f1: 0.941 accuracy: 0.976 
early stopped, no progress obtained within 5 epochs
overall best f1 is 0.9689655172413794 at 14 epoch
total training time consumption: 61.571(min)
