2022-06-08 15:48:09
++++++++++++++++++++++++++++++++++++++++CONFIGURATION SUMMARY++++++++++++++++++++++++++++++++++++++++
 Status:
     mode                 : train
 ++++++++++++++++++++++++++++++++++++++++
 Datasets:
     datasets         fold: data
     train            file: train.txt
     validation       file: dev.txt
     vocab             dir: data/vocabs
     delimiter            : b
     use  pretrained model: True
     pretrained      model: Bert
     finetune             : False
     use    middle   model: True
     middle          model: bilstm
     checkpoints       dir: ckpts/bert-bilstm-crf
     log               dir: data/logs
 ++++++++++++++++++++++++++++++++++++++++
Labeling Scheme:
     label          scheme: BIO
     label           level: 2
     suffixes             : ['Symptom', 'Physiology', 'Status', 'Property', 'Body', 'Value']
     measuring     metrics: ['precision', 'recall', 'f1', 'accuracy']
 ++++++++++++++++++++++++++++++++++++++++
Model Configuration:
     embedding         dim: 768
     max  sequence  length: 500
     hidden            dim: 200
     filter           nums: 64
     idcnn            nums: 2
     CUDA  VISIBLE  DEVICE: 0
     seed                 : 42
 ++++++++++++++++++++++++++++++++++++++++
 Training Settings:
     epoch                : 300
     batch            size: 32
     dropout              : 0.5
     learning         rate: 0.001
     optimizer            : Adam
     use               gan: False
     gan            method: fgm
     checkpoint       name: model
     max       checkpoints: 3
     print       per_batch: 20
     is     early     stop: True
     patient              : 5
++++++++++++++++++++++++++++++++++++++++CONFIGURATION SUMMARY END++++++++++++++++++++++++++++++++++++++++
label vocab files not exist, building label vocab...
dataManager initialed...
mode: train
loading data...
loading data...
training set size: 295, validating set size: 38
++++++++++++++++++++training starting++++++++++++++++++++
epoch:1/300
