2022-06-08 17:29:10
++++++++++++++++++++++++++++++++++++++++CONFIGURATION SUMMARY++++++++++++++++++++++++++++++++++++++++
 Status:
     mode                 : train
 ++++++++++++++++++++++++++++++++++++++++
 Datasets:
     datasets         fold: data
     train            file: train.txt
     validation       file: None
     vocab             dir: data/vocabs
     delimiter            : b
     use  pretrained model: False
     pretrained      model: Bert
     finetune             : False
     use    middle   model: True
     middle          model: bilstm
     checkpoints       dir: ckpts/bert-bilstm-crf
     log               dir: data/logs
 ++++++++++++++++++++++++++++++++++++++++
Labeling Scheme:
     label          scheme: BIO
     label           level: 2
     suffixes             : ['Symptom', 'Physiology', 'Status', 'Property', 'Body', 'Value']
     measuring     metrics: ['precision', 'recall', 'f1', 'accuracy']
 ++++++++++++++++++++++++++++++++++++++++
Model Configuration:
     embedding         dim: 768
     max  sequence  length: 500
     hidden            dim: 200
     filter           nums: 64
     idcnn            nums: 2
     CUDA  VISIBLE  DEVICE: 0
     seed                 : 42
 ++++++++++++++++++++++++++++++++++++++++
 Training Settings:
     epoch                : 300
     batch            size: 32
     dropout              : 0.5
     learning         rate: 0.001
     optimizer            : Adam
     use               gan: False
     gan            method: fgm
     checkpoint       name: model
     max       checkpoints: 3
     print       per_batch: 20
     is     early     stop: True
     patient              : 5
++++++++++++++++++++++++++++++++++++++++CONFIGURATION SUMMARY END++++++++++++++++++++++++++++++++++++++++
label vocab files not exist, building label vocab...
dataManager initialed...
mode: train
loading data...
validating set is not exist, built...
training set size: 299, validating set size: 34
++++++++++++++++++++training starting++++++++++++++++++++
epoch:1/300
start evaluate engines...
label: Symptom, precision: 0.000 recall: 0.000 f1: 0.000 
label: Physiology, precision: 0.000 recall: 0.000 f1: 0.000 
label: Status, precision: 0.000 recall: 0.000 f1: 0.000 
label: Property, precision: 0.000 recall: 0.000 f1: 0.000 
label: Body, precision: 0.000 recall: 0.000 f1: 0.000 
label: Value, precision: 0.000 recall: 0.000 f1: 0.000 
time consumption:3.70(min), precision: 0.000 recall: 0.000 f1: 0.000 accuracy: 0.752 
epoch:2/300
start evaluate engines...
label: Symptom, precision: 0.000 recall: 0.000 f1: 0.000 
label: Physiology, precision: 0.000 recall: 0.000 f1: 0.000 
label: Status, precision: 0.000 recall: 0.000 f1: 0.000 
label: Property, precision: 0.000 recall: 0.000 f1: 0.000 
label: Body, precision: 0.000 recall: 0.000 f1: 0.000 
label: Value, precision: 0.000 recall: 0.000 f1: 0.000 
time consumption:2.98(min), precision: 0.000 recall: 0.000 f1: 0.000 accuracy: 0.752 
epoch:3/300
start evaluate engines...
label: Symptom, precision: 0.269 recall: 0.261 f1: 0.264 
label: Physiology, precision: 0.000 recall: 0.000 f1: 0.000 
label: Status, precision: 0.000 recall: 0.000 f1: 0.000 
label: Property, precision: 0.000 recall: 0.000 f1: 0.000 
label: Body, precision: 0.000 recall: 0.000 f1: 0.000 
label: Value, precision: 0.000 recall: 0.000 f1: 0.000 
time consumption:2.93(min), precision: 0.359 recall: 0.179 f1: 0.237 accuracy: 0.792 
saved the new best model with f1: 0.237
epoch:4/300
